<mxfile userAgent="Mozilla/5.0 (Macintosh; Intel Mac OS X 10_13_1) AppleWebKit/604.3.5 (KHTML, like Gecko) Version/11.0.1 Safari/604.3.5" version="7.6.7" editor="www.draw.io" type="device"><diagram id="c64c757a-c088-0878-0583-4b25adf8e14b" name="Page-1">7V1bk6O2Ev41rkoe1qUbAh5nJrPJQ04qVVuVs/u0hY1sk8XGB+MZb379ESBhkISBGcDYG8/DYAmE6G715esWnuGn7enX2Ntv/hP5LJwh4J9m+JcZQpBgwP+lLd/zFgfbecM6Dnxx0rnhU/APE43iuvUx8NmhcmISRWES7KuNy2i3Y8uk0ubFcfRaPW0VhdW77r010xo+Lb1Qb/1v4Ccb8RTIPrf/xoL1Rt4ZUjfvWXjLb+s4Ou7E/WYIr7JP3r315FjiQQ8bz49eS034eYaf4ihK8qPt6YmFKW0l2fLrPtb0FvOO2S5pcwEm+RUvXnhkcsrZxJLvkhjZ47D0AjDDj6+bIGGf9t4y7X3l7Odtm2Qb8m+QH66CMHyKwijOruUPv+Qf3n5I4ugbK/Vgil3MB33Upyye4oXFCTuVmsQj/MqiLUvi7/wU0Uuk3Ahxw64Y4vXMPOSIczZlxlmi0RMCsy7GPhONHwi6mWnoUo1kzOfiJL5GcbKJ1tHOC5/PrY9VopYIyE5B8jltnlvi2xfZs+MTK3WlX7+IAdjOf0jlnn/dRTuWt3wM0jln/X+zJPku1pl3TCLedJ7X71G0F/fQ2PToPoMHq+iRq4GkrI52iRgSokuMPETHeCkoQyyxnL14zcRptmhLqXaR3TELvSR4qS7S97BOzqYi/jTk83r0g5cKT+n/jumifOQimXzwwmC9m+EHfkbIVsm5lx+txf9slIVswE52et7Kp1V0sGQDtLNnBAQr7JrOL7VlU6y21jW1eJA4Wxbak0AwT/8wvx8il2+utiqLguu6fXrI75tOKzoush7YWan4FnN8YpJWBy0wpbxnHXt+wOWw1OfaPrDtfhSOBayKwrEg1RQOhAaFQ3rQN4RqQvtXcDhyVv7DYo3qSU7uEjWrVBPqokxi0SRk45clpxMfGD+m9Am4kXwQHdvA9zNlZmJfSTsg2BPVaZXqhOhUdw1Exz0Q3cKjaQqrXlPAGk1BJ6EpbDSHjtAVkE5DVyyXzOLe19AOCKg6IET6FWPoA8vkww0jmrheNFGNaJJJiCaYI8uap47TdEQzDQscZ2jRtNyq0sS2O6JoWhddY2Fozr4wNPvC8vhL1fn9XDi/0hMWff34wqp/a/CA2+qaB/eJPD+29ZGhwUeW9md8H9nS3Q2NqdMPEZFd1dAIuHNS/uiuRBGkVyJG0MeycDSSBrt1zA6Hr4vodM8uHIZWVzZAPJRL545lN7l67erSQTgJuyldOjQhuzmOS4eoojCsEe2mvPfwoml3hiWcSQimdOimJJjjOHTYvaJgSts/nDOwQmZnwKcLatG+wrWqS0z1aM0MF9t9wMXNFEwzCHudOL7HnJWROHTpsEWqEg24l808ykAnwhWJFW8hpwQuEhQqMkmgo8skMVAU9UBQWK8szxYY1ug52XbYe7tSm7dN6b9bHPaZ05RsLHdBIfJKQyhXmGw4MN+xx/XSu0i4NSKhs34U1rZIT93+YjGon+EoWp/xOMM89J2LBS541IisTosFW7e3WArxnMZqQaN5jaiF1zhmjIJhGqakSfiPqGEC4zmDSx8ZnUHfdhcAmIVttfIs0E3/1CN/ao5qREwa6emSTXRINHLfEbSBlBwAtrFG76GyU2joPHauvw3DLHOuZOtzvfgpEzr+QHzGQDn+uYVeMWe8s9H9aPmNxV/Xr4s4SDHQy7ZlLOUzLH0K+AWqUW77Z27Qd1XsvZuKA9ln1qESpEuGXQkobF15mfBZWUvyrtXkamS6mLWoq+CZ1WYtinKe4bMWtbxoyjigq1XlSI04Gv3R9RkApsQAWedY63c31qu9h2B1dW6wBZNaERuNQmxx6Z9RwKdS6DVHccpcxfrncxIXKRwrZtEOQ4YaE7uUJb4hFTu3O/PrbXWJYqieShJNa09iquOvPaojHD1Uk06CbeVE+F3yzh46AE9plAFOkqDnE4s680Ynm9SjOxUkJ/e4y+F0fvu79bTtH9LTdtSwVYcJjGGr3cN6MRVV3lw2yVIyxdTRKYhMQEsv6ST7HRD5WHXUnSFyS6nWoQahLCpx+oZR7TYQuftOiBw0qBgFHK9JuvcJjvctDPbbwPGhuOoMbZvPslFXU/FyCr3d6Pj40eeMfyC2416+82jAuJX+mQSNZh+zoC2yv8zMb4OlkPB16B0O4rgq+8W+up6wdEqqcZuDDQppKDDdgZroLqIo+eqzlXcM7xpUV7d82FI5j1Eg6KCBVcZIqDoyGo9s9EXcZIjuxL/Pd7FBdRfb3Xv3VHFObahXi5lKnQjuYf3oG2PvCUaUZCtjD1JlDA0jUmUDogsVfdcfjugSjYtDb29G4+1vLtZeFZB6M5BvGzIp/QtF+9I4kwm7vQhbwSggad68MVjADUEL1OLmIm6qVi9wi9m0MWOoUA2C+h2N5yjrAozZKgJvcgOUCBwPHoG/rXy8kMZphNkQmNCTdquj1/r57piTEmog2rw1aTgqmjbdKXJZ90aJYSAoe6ryb9UIwLXk367lXM84U12V7r8w0w3DTIqjg8Aclz9E10FDoU4Q1O5S1bh2R4gTVXzNYv9zo/agPdAc4gaV2ipkfk/oO5lICgKBVJRDqUK9XiOWGnq/8L9w4IhwYL599MdL91NlWwB0nCY3dyh8EMIRoKWqPixrw37rbkfQh9SkD69W7ARl0XDf3LMvmDN0y/aMTIx/b4Hny6wZraZd480T/xh4Q3pdWzJzcg3W6AXY9/NK0Q7MaxdfNa4y+Ya0K3Cy/Xb/4ZAtorwCzJXhSzmkkW5B30l0iPQwsjUFarejt6fBOM/YIiXALwn2h7pItrRcL0AMZSSijFDUYxx1qEgLNVkwrhOyhriRhjZ2IQYEE9tBZCia61UxDfasge5voLQB1xiOyLKXRy3Aoa5FrZzQSF/MmMw55ak8DQ3FAvRji/3pIrmvsihavKxPN+x1i6Cevs0+8UXXojZSu8CPipWXj1XxpVHbdySWOGMZYlvZ9s4aDYjhnBQc59JhV6zwB7VkI39ArWRDGxeDOT4LG5R1tnJYNYvRXyUIRKbcxnWkq7NLWwMP3650WXBOuSEAFBEbU2grsA6YA8tBFiLIhg7BlrJdo62wITy3ysYGV+6i5hn6lDW9Xvuvz78//JGy5chdv1CTvGslId5guAYxQ9ieg4JNqdapKga9cNYBcwNre8+INmznHmJHo7byK1wZLLLtoMAMHG+piJzrwRK4hcs9eDCr7KA2vTxrsDgPt3B46wiA30+CcZ7xHmPZgnHTjGV7/xmmq8SyHYg8vVgWt6hbu2exn14si+8vlpX8qBh5bCgZL7TwVKKNu4tl8f3FsrcrXXcey2I9BfJDxbLdzdBkY9nLr4YbPJbVuHI7saxREV2xnI/oAFPCDsmHHUsulLWJN/Do9Whpx4dDRpW0Jg2h/UmvO/vp8OrF21n6Q7A7b83in0vFZG1erjMRLVESANzXRm+l8BnoSxybqm7f8L5H/vX8A7u5Oj//ijF+/j8=</diagram></mxfile>