<mxfile userAgent="Mozilla/5.0 (Macintosh; Intel Mac OS X 10_13) AppleWebKit/604.1.38 (KHTML, like Gecko) Version/11.0 Safari/604.1.38" version="7.5.8" editor="www.draw.io" type="device"><diagram id="c64c757a-c088-0878-0583-4b25adf8e14b" name="Page-1">7V1bk5u4Ev41rtp9iEsXJOBxZpKc87C7tVWp2pM8pbDBNhuP8WKcmeyvPwIEBl1sPJZkxhNPVYIlrn1T99dNe4IfHp//k0fb1e9ZnKwnCMTPE/x+glCIAfu3HPhRDxBC6oFlnsb1EDwMfEr/TfggP265T+Nk19uxyLJ1kW77g/Nss0nmRW8syvPsqb/bIlv3r7qNlok08GkereXR/6VxsapHA+Qfxv+bpMtVc2VIw3pmFs2/LfNsv+HXmyC8qD719GPUnIs/6G4VxdlTZwh/mOCHPMuKeuvx+SFZl6RtyFYf91Ez2953nmyKIQdgrz7ie7TeJ80tVzdW/GiIUT1OUh4AJvj+aZUWyadtNC9nnxj32diqeFyzb5BtLtL1+iFbZ3l1LHv4Ofuw8V2RZ9+SzgymOMTspPf8BpK8SJ61TwFb2jCRS7LHpMh/sF34AV4jN1zcsM/F7enAPBTwfVZdxhE+GHGBWbbnPhCNbXC6qWkYUolkSczEiX/N8mKVLbNNtP5wGL3vE7VDwOQ5LT6Xw1PCv31pZjbsxjpT5dcv/ATJJr4r5Z593WSbpB75mJb3XM3/nRTFD65n0b7I2NDhvn7Lsi2/hsSm+/ADuCPtTKMNXsnqbFPwU0LUMrJ89ONsZJTK9vmc7+VxVhVRvkz4bjX7ZHbnyToq0u/981/CuubiPfGna3Yb93H6vcdT+s++VMp7JqXFu2idLjcTfMf2WCeL4jDLtpb8/+oss2YAB9Xu9Si7rXYiKVZA2nvigXSBQ9X+nbHqFvujuqEBD5JXaiE9CQTT8g+z6yHv+MXFUUEpmK3blpvsuuVtZftZNQPPNioxSYLYU0lrgGaYUjazzKM4ZWLXmQv9GPi+GYNDAOkZHAKAZHAgVBgcz4C98agktH+luz1j5b9JLlG9qMndoWafatxcdEnMh7hsvJ8zorAT4/uSZClbJO/4xGMax5UxU7GvYx0QNER12qe6h2WqhwqiYwNEJ9iZpSB6SwE1loKOwlL4aAoDbisgHYetmM8Twrwv2w4IAIJkeu7sAVH5cHZEE+tFE2lE0xuFaIIpi0GmpeM0HtEsw4IgsC2aJOwbTXZuh6JJjrrGfKE5+MJQ7Qs321/6zu/n1vltPGE+Z8YXFv1bhQc81NbchQ/eh/sX+8hQ4SPXC5IDH5nI7obE1PGHiMjvW2gEwqnX/VBJK9ogvRcxAhNqEUgkTTfLPNntvs6y51t24TAk57IBYlsuXehq3WTm9VyXDsJRrJuNS4dGtG66cekQFQxGIy4u1s3m2vZF0z8blghGIZiNQzcmwXTj0OHwioLZrP32nIEFUjsDMZ1RQk2Fa4JLLOMIarjYNwEXn6ZgmUHYysSJoyRYKIlD50EyK02iAvfyk4gm4BjheBYlmjXXB+cSFAoy6cFAlklPQVFkgKBQbywPKzDU2LlmbLeNNp2x6LGk/2a221ZOU7Ei4YxCFHVOIRyhWsOB+ooG9cWWSHRZH6pZ74S1A9JTr19ZPDlbZY+i+ozHAeahFyoLnLGoEZGzlAWTm1CWWmKvpC3+W9AWHznUFjlQl6SX6oI75TLiR3MwU2sA0eT7XpsG+NfTAOQsbkID4iaXUTqGZaBelqF8RCduwF04NI+RMhyK/XAGgFrYFouIgOHCdtR2ECFLC2U/316kJCcMV9mukMh9Q+AeErJg2JdTDbbys8h2JUftwShOM6+5UunncvZLJXTsgdgdA2H71wF2Rb0GVGePs/m3JP+6fJrlaZlAOO5duTI+dunTApBQxHmGP/MJe9fPPp1n4kD1mehqoS6sMen7PY131zVeqgxFU/t2kTYFEpmO5u10NWwTbd6uLWir53ybibv6Wc5OunEadJNuyFVhWoMSOWPACOmvSHo6o3+zJDmjPxohA8A1FcA/EficLJm9hGC6Uls4gEkvIzayQWx+6J9Zyq7cLiyB4BWHgvtV3wI/SOBYexfD0lhQYuI5ldEvqAZpFpIz+PWy0mh+KltV0SrdIxog1rjuURk2MlDQPgq2dWtxbpN3qjpVgwiSo2odAfQjgSJyJwrntw3nL6Khs4JKcn76nYwl/17+hT/fCugVN/WllvoO8SYqAyB/ZHEi0fuG8CaMBHojmd628Caqqoq0YyPCs4vHqCbxfKXiMW9ENTpuisdES0AUFSb2LMFx8MaG++bufUT73psC9qmV3YH31iwY1qxKSaNJmZZtCHrYsX1R+aRF8gYmPGvAumuL6svfLFDtv0mgOujbOqzwepSrsG9AX6xHOy7KEYlQakwV0Q5SrRZG6hH9C2qsLLncl1eNEH+AKw4UJDVRheAPqbHSeXV9M6WvJAEnTEzfI8SaqNGgrriIv/wB1VXWuDrgPajXpydeHwz2MXSoJ6p6NTH60fVNGKon3ll6Qvzb0BONw+qCq4FtH/ZgQ3Xo2ffndbRxXoa1jxnj7zw/CI9f2Vn9FSn/VIJGq49a0GbVX+UOP6ZzLuHLdbTb8e2+7LcNjAyVbFHBIAWKHg/WIucASqI7y7Lia5wsov36pmu3xN4avqKFkrU3MQNk2WQ4Kt5CysWjOvssP+Ww3UgcXCcGoJgYuPkomApBnA/l1/JU75R52ID+yB3IXnexRBeQa4jWBeQagzGAPRcWS1Ch01MoJhjNVUuEnsRF233kkDvgttW9PnBrrlzJV9SL1XLiALhtmqy4w9x7jDNavncF1vnXZJ1caWZC7Y6w7nwzOd72jSrWUQ1KY5x1EKgcx9eH/woIOvRO96axBgdDMABTf3U4FxVfTWF+6qm+M7YAEgj09UUHbMNzinthbB33MtYdA2g6X7nhnQrbH6YdlxDAANIrBPiInu68ZI+K+uqZVvguBX7PS5DYx33Nyb+mLNwN5/SYvWF0V9eE4Ce4+/71gruCo4PAFHc/DrumQqBtwidx7YZwXir4mm17x5PWgxqgOcQnTOogoOoqkZT1IBgCDhh2Qylub53EUrbbIf4E4R2C8HV3vLdXjEaFng8wCE65ubZQeQgdALp9ezi5IVCwDRL69tDVi1QQWoF0m1fd1MsZuqn1zLsu/16SFJtoUVuL78tLvHlgHwVvzKG2St2qE5hOWGMHch/HLyadwTxFfGVEy4gzAH54N1N7yJYn/MJBqPoxnsYtMF26ApGqRZx5CgzpwmnvGQekBNgh6Xani2Q76noEYugiEV2EQo9x6FCRl3mWNS+PEhmxRRr6OIQYeNjzA+TZorlci3ZiPTtB9xdQWoFr2CNycwiLWkBAQ0JJTWgkKzP2pozytNkN2WIBetti/3yU3FdRigE1+PLCrlMCPX1P+8RHXQttpDZkjW97b3VX+eY5e740Op0IU/VIaMYurIyCGE69luNMOvzeKvxOLJSqn0cqlJLOi8EUH4QNNq8nNacVsxjm6q8gGtA/15F0ne3SwluTLgKnlC0EgCLPxxT6AqwDpoAEiCAP+TDwMBFeJhwqbAhPSXexwb2riHkGk7ImvyXx1+ff7v4oubBn/uBakrxrJSFesHBZWYawPwUtm0qr0zcMcrl6AKYK1hrPiJ5oFWf9dXvJ8FiLbM8wYENM0UBDFDiDJfAAl9t6MCt0Z1M1jrAW5+EBDq8BAmANCdw84xuJZWtejiOWNf4r82OJZXVEHl8siwfUrd2y2I8vlsVvIJZtFpTeIo8VL2pws/wzljUVX+A3EMu+Gum68VgWyymQtx7LnliGRhvLHm8776R13K3EskpD5K6cz5MBpiLZFe82SXGkrI33h5Pr0cqJd7uKKmVNGkLbZ7nu7JfdU5Q/sunHaBMtk/zXTjHZkNZvI7ESHQHAptorCIXPQFZxrKq6fcGPebCveVay5WDO2WOtfs/ipNzj/w==</diagram></mxfile>