<mxfile userAgent="Mozilla/5.0 (Macintosh; Intel Mac OS X 10_13_1) AppleWebKit/604.3.5 (KHTML, like Gecko) Version/11.0.1 Safari/604.3.5" version="7.6.7" editor="www.draw.io" type="device"><diagram id="c64c757a-c088-0878-0583-4b25adf8e14b" name="Page-1">7V1Lk6M2EP41rkoO49ILAcfxZDY5JKlUbVWye9oCI9tksXEwnvHm10eAhEESNngAe7zxHNaWeIivuz91t1rsBD+tDz8n3nb1WxywaIJAcJjgnyYIQYIB/ydr+Va0ONguGpZJGIiDjg0fw3+ZaBTnLfdhwHa1A9M4jtJwW2+cx5sNm6e1Ni9J4tf6YYs4qt916y2Z1vBx7kV6619hkK7EUyD72P4LC5creWdI3aLH9+Zfl0m834j7TRBe5J+ie+3Ja4kH3a28IH6tNOHnCX5K4jgtvq0PTyzKsJWwFed9aOgtx52wTdrmBEyKM168aM/kkPOBpd8kGPnjsOwEMMGz11WYso9bb571vnLx87ZVuo74L8i/LsIoeoqjOMnP5Q8/5x/evkuT+Cur9GCKXcwvOtOHLJ7ihSUpO1SaxCP8zOI1S5Nv/BDRS6TeCHXDrrjE61F4yBHHrKqCs0SjJxRmWV77CBr/InAzY+hSDTIWcHUSP+MkXcXLeONFz8fWWR3UCoDsEKafsuapJX59lj0bPrBKV/bzs7gA2wSPmd7zn5t4w4qWD2E25rz/b5am34Sdefs05k3Hcf0ax1txD01MM/cZPFplj7QGkok63qTikhCdEuQu3idzgQyxhDl7yZKJw2zRlqF2UtwJi7w0fKkb6VtEJ0dTU38a8XHNgvClJlP6zz4zyhlXyfTBi8LlZoIf+RERW6THXv5tKf7Nr+LLBgvmhxetfFhlB0tXQDt6QkC4sJDp+EpbPsR6a1NTiwdJcrPQngSCafbHgfqAyOmbq62KUXCu22Zf+X2zYcV7P++BnUklsJgTEJO2OsjHlPKeZeIFIdfDSp9rB8C2+yEcC1g1wrEg1QgHQgPhkB74hlBNaWd8wtjwWVjDPC3ArmBZx0yQRRVg0SQ046c5R4nx9lmGTsinyEfRsQ6DIKcyk/Aq3IBgT5jTOskTomPuWjrkuAfILTwaT+BmnoANPEFugidsNIUOZ4oM1cwcboEp5nNmcd9raPcDKJopvYox2MCyTnofwpqP7gY0uxvy++e6f/Gp9C+ksyH6+nE3VBfC4GS0Feij+0SeZ23dEGhwQ6SRj++GWDqjv0MvHNl1M0DAnZLqR+frMg6qOeWgD7NwNEjDzTJhu90XPz7c8zyJodVVDBAbxNDLvOmONm863edN96bmTfzdzZtI8ehKdRlj3pT3HkE1affQz74J1eTOnGXdmGpmyTTHGVo1sXtF1ZSz/3DuwAKZ3YGA+jRT13684hqCmOpOsTknZ/eRkzuPYJam3ergBB5zFkZw6NxhfkaKhuSCzTzKQCfgyuy158shgZOAQkUnCXR0nSQGRFEPgMJmujwSndtAdLJtt/U2lTZvneG/8XfbOo9UD3vhJEmJ7yPWRJWO+Y492kvvKuE2qIQu+lFE22IN4P0bi4F+hkO0Oa18NBYyjLH4wdyeu6TBWPD7M5ZSPW/DWtBofiNq4TaOGaVgmAUqmQp9QGcGMJ4zOA+Q0RkMbNcHwKxsi4VngW7805yVVhcCRkz9IT0rvYp3qQb3HSU3kJJqxTbW8HYNcPeRzEBDLxYWVG64zLyQSm6fS/+HXOn4A/ERA+X7jy14xZz2yK8exPOvLPmyfPWTMMuCmqeZsclnWHzKBAxUo9z2z3yG7+rZ924UB/LPpMNye5dlTCWgsHXyMmVo5YL9m6zJ1WA6uW7RVCYxaVy3KGsmhl+3aJTFuTUHdLXSB8mIo+GPri8AcEsCkMVkjX732aKgtwDWVEwEWwipFdhoFLDFqX/EIR9KyWuO4pS5yuxfjEmcpEisHEW7LDLUhNil9uuCxdip3VlelxV/iUv1VPdlsj2ZUx3f9qie4eihZO8mxFZdCr9L2dlDB+AZRnnCSQJ6PLAs5j3rZJ/I7tQyOYXHXQ2ni9vfradtf5eetqOGrXqawBi22j3Yi6l27d2tJqnVf9TREUSmREsvy0n2G1LkYxWrdk6RW0q9DjUoZVmL03ca1W6TIm/KgLZJkb8oaVITxSjJcWi+V5/J8b6Vwb4sOT6UVJ2h5+ajboAG3Xg5RN5m9Pz4PuCCfyS2456+82iJcSv7MykazT9mRfPzv3yaX4dzoeHLyNvtxPe67pebl3rKpVNSj9scbCCkoZLpDtRU14/j9EvAFt4+uuukukXruNuSnMcoEXTQwJQxUlYdGSeP/Op+cm4iuhP/vtgqBNWtQnfv3VPFObWhXi1mKnUiuAf70Xcf3lMaUcJWzT1Iyhg6jUiVXV4uVPiuvzyiSzQpDr2HFI23ibS0vXpC6uJEvm1YSelfKdqXxpmmsPcXYSs5CkjOb98YLOCGwBQftou4e60Q7h5VK84Uoue3XwwVjkFg2likRlL2uFE2Nd+rX3u5QAFKjbuNUBoCe2DH+KgB1v+x9P3F0gqbIzDF1Q/RaWio0BqCxs14mtTuKKymyoRabvM8Sx+0B8whPsOpreKCt/j3N+MuQuDq/mLJr9dwGIfeFvl/zmPEnEexR+77W9OkSu0zdJxznu5QSRAIR4if63xYZcN+iwtH4ENq4sOrVXRAeEkOa9JYbDNg4acmmyf+MciG9CobmV68gmja76QcLqQmrpKHk05T1ZGSZNT3+gREuvPaGoHGnX7tMRjnGVvUiPBTwu2uyX+uWOiJwKYa/1TjoubIqikWa2FcpeA6BfQ8TkLQxi7EgGAehCIyFOb6guMZFjyD+wVIG6Kp4UCWvdxXAg51LWoVQCPdmDGZcuSpPAwNJYIWidt7VvvDSbivYhQt3oSkz+VNRtCM73lP6uTbNhv9wxPyqM3y8rFqHhhq+wKqimQsg0ct2964/AUxnJJS4lw77Nos/KCuhhUPqK2GadfFYIqPygZlCZO8rJo87W+RDSJTSvU62tX5La8NSan3q10WnFI+EQCKiI0ptJVgEkyB5SALEWRDh2BLqYRtq2wIT63qZINrd1Gzm33qml4K9+enXx9/z8Sy565fpGnetVKfF0xcg0xD2J6CUkwZ69SJQa9JcsDUINreF2LO7JQbYrOIZvk1qQwWzHYgMIPEWxKRc71gFrdwuQcPZpXNaab3kgwW5+EWDm8TAPjtEIzzjPcYy5aCu81Ytvf/RuAqsWwHkG8vlsUtCmbuWe1vL5bF9xfLSnnUJnlsqMYrWfhWoo27i2Xx/cWy71e77jyWxfoSyHcVy3afhm42lj391p3BY1lNKu8nljUS0RWLiIieYErZLn3YsPThNU6+cuNprqkR7zjQi2GyjoddDk5WEIPQ9qAXvfywe/WSdabA+X1+rBSytHl7wY1wRUUNcF876ZSiS6AbOjZV/F3wQi3+8/jfxBWkfvy/+PDzfw==</diagram></mxfile>