<mxfile userAgent="Mozilla/5.0 (Macintosh; Intel Mac OS X 10_13) AppleWebKit/604.1.38 (KHTML, like Gecko) Version/11.0 Safari/604.1.38" version="7.5.8" editor="www.draw.io" type="device"><diagram id="c64c757a-c088-0878-0583-4b25adf8e14b" name="Page-1">7V3bkps4Gn4aV81ctEsHkOCyuyfZvZiZmqpU7SZXKWxkmwltPBinO/v0K0BgQJKN25LsdsddNWNLgND3H/SfpEzw49PLv/Jos/oji1k6QSB+meDfJggFkPL/lg0/6gaP+HXDMk/iugnuGz4l/2OiEYjWXRKzbe/CIsvSItn0G+fZes3mRa8tyvPsuX/ZIkv7o26iJZMaPs2jVG79bxIXKzEtRPft/2bJctWMDElY98yi+bdlnu3WYrwJwovqU3c/Rc2zxES3qyjOnjtN+MMEP+ZZVtTfnl4eWVpC28BW3/dR09u+d87WxZgbsFff8T1Kd6x55erFih8NGNV0WHkDmOCH51VSsE+baF72PnPq87ZV8ZTyX5B/XSRp+pilWV7dyyc/5x/evi3y7Bvr9GCCQ8wf+iBegOUFe9HOArbYcJZj2RMr8h/8EnGD1/CNYDdMBbs974mHAnHNqks4XzRGgmGW7bP3oPEvAjc1hiGRIGMxZyfxM8uLVbbM1lH6Yd/60Ae1AyB7SYrPZfPUF7++ND1r/mKdrvLnF/EAto7vS77nP9fZmtUtH5Pynav+v1lR/BByFu2KjDft3+v3LNuIMSQyPYQfwL3f9jTS4JWkztaFeCRELSHLqR8mI0cq2+VzcZUnSFVE+ZKJy2ryyeTOWRoVyff+888hXTN4j/1Jyl/jIU6+92hK/tmVQvnAubS4i9JkuZ7ge35FyhbFvpd/W4r/V0+ZNQ0+rC6vW/lrtR2sWAHp6okHkoWPVNd32qpX7LfqmkZMJK/EQpoJBNPyjwP1EXmHBx+2DoSC67pN+ZWPW75WtptVPfBkpRL7LIg9FbcGaIYJ4T3LPIoTznadvpDGgFIzCscHfk/h+ABICgdChcLxDOgbj0hM+8AXjDVfhCXMixrsDpZ9zISy6AIsmgRn/DbnkDDe/lAClvAl8l50PCVxXKkyFfE6ugFBQ5iTvpL3sIx56MuQYwOQ+9iZnsB6PQE1esK7Cj1B0RQGXFOUqEJyHZpiPmc+t71smx9gyJmeO23g+wetDyHNe3MDqs2N5vuXvn3xubUvGmND9JkxN4YmhMLIGEvQ+/DR+/DwajMEKsyQWuodmCG+rNHfoBWOaF8MEAinXvdDZKMcqYxyYEIsAgnSZL3M2Xb7dZa93PI6iaF/KhkgVpDByLoZOls3g9PXzfCq1k387tZNNLDoWnZxsW42YztgTXK660evgjW5Mef7V8aaZTAtCGyzJg4vyJrN6m/PHFggtTkQkxkp2dWMVdxDEBPZXVPH5KiJmNxxBMsw7UYGJ45YsFCCQ+YBm5VKURFcoCwiDBwCToSqo1kzPjgVUDjgSQ8GMk96CkSRAUChXl3uFV2oUXRN23YTrTtt0VOJ/3q23fT1SPey71xJEm82Q0ynKgP1iAblxRZLdEkfqknvhLQjcgBvX1g8OSVgD1F9WHkvLJ4dYZnFczoPPY2w4JsQlppjLyQt9D1IC0UOpUV21SXu5YaCVlp6klGKAF54MZ4v1CJANV7fWxMBejkRQM5cJzTCc3LpqGNY+uqlFv2IjryAO39oHiOlPxTTcAaAmtkWi8gH45ntoPLwB7kwKBv69lwlOTGzyraFBPcNxffQINuAKZbwDhVwm4jnIdv58tqaUTxmXlOlks/l7JeK6fiE+BuDwfdfR+gV9RpQPT3O5t9Y/nX5PMuTMoegtrRcKx+7+LQxSDgM9Iyf8xF9109AnabiQPWZ6CpOzszk9w2fxrzrKi9VkqKpMDpLmgIJpoOpO12l0ESbumvLhuo+ajN3V8/l5LybwKCbd0Ouyn+aMJEzAlwh/oq8pzP8myXJGf7oCgkALikA9Ijjc7Qw8RzAdAWNcASRXgc2sgG2uPWvLOEjtwtLMLCKw4H5Vb+CuGlAsfYtxmWyoETEU+pPX1EQ0iwkJ9DrdQWo4lG2ak9VsudrIrHGZY/IcSMDZcNXQbZuOc5t0k5VD2gwguSoYGcQ9fMDhefuK4zf1p0/C0NV2sFKFKms+j0xAU81WaWL1F6XaP8svu4UOPXZllCHASciR0D+vPHCa4wGeCMZb1sBJ6KqjLSjJHTJa30BWQCuQkk0wRvviqp03BSQDTWBr6gxsacJDkdvbNhv7rZ92TffFHGfWtgdmG/NgmFNq5QYTcrEbAPo/sJ2P+hRjeSNTHnWEeuuLqqHv9lINX2Xkeqgr+uwwupRrsLUgLxYd3dcFCQON5ARhbuDVKuFkYpEekaVlSWT+/y6EZ+OMMWBAlITZQh0TJWVroKgr6b0tSTgiIrpW4Q+VI9lUFZc+F90RH2VNaqO2Av19uTE60eDKYYO5URVsTb0fnTbZ8bKiXeSnFDN/oa3Jicag9UFVQPbNuxeh+pq776/pNHaeR3WLuaEv/doEB4e2VkBll/+qRiNVB81o82qv8ocfkrmgsOXabTdiu993m/PiTFUs0UGCilQbKa35jkHUGLdWZYVX2O2iHbpTRdv+WSwEChOqrG2GzNAllWGo+otpFw8qqfP8mMG2434wSIzMEwM3LwXTAZOHIXyxjzVrjIPG5Af+aCnt10t0Q3INaB1A3KNwhhBnjOrJcjgQJ1wmGE0Vy4RehIVbR/XhdwFblvZ6wduzdUrUUXBWM0nDgK34eHDTizE3HuEM1q/dwHS0UuSTi41MyF2B0h3upq83lPyVKQjmiiNcdJBoDIc3178dxBBh97x82mshYMhUEUvx8W5zjkCwUAsa+DCIHL8fBlbQRAI9PUB+/iFrvzHUgyYqMcyKy9mzsAAmtpXN7TTxyVNR7D8nxGs24tgDbQ5AlPc/Tg8gw8C7WljEtVuKJhFBgtqe47dUfVBDGAO8RGdOsobv4i5aN3ShyCU7UWhcJ0YjLbPffsZaXQYaawPAXt/FTdksLMdBsExS9dW6BFCB1Grvj6c3FDko/UT+vrQ1XYRCF8TOZ5oQxsWd5VKtHnkHwVtzIU2lLSpo/wuSDP+qDh7LrUXDqLfquPkG2VkOisIker8HfMIjDnizN4cR1Qw8luSzVZnP3ck9IBj0/V/un6R3rPS+WKvW89qWh4EmftJCFIcQgw8zJ1Q5NnCXE7zH9GCR3B/BdIKb8oeyM0t5Y6tgIQ+8WugkSzM2Jty5ElzGbJFghGB21tm+5eDcF9EKEaUN8pruU4I9Pget6QO7ivR2odj1vj2XJPuKt/Ms2eBIc0J+x3KqPafNm1nJp0hhlOvpTjnDtpbhe+GOeh6PlIOWnouBlO8ZzbYVH43jx0GT82ltiEacTihI+46+Z+xgrfGXT6cEr4QAII8igmkA2cSTIEfIB95iMLAw/5gn8ZYZkN46ncXG9wbZRjdNMlrcgHqfz7/fv9nSYUdtwdTifMuFfp8xcJlZRnCdApaMpVap68Y5ErAAEwVpDWeiDlyDI/1nYyS4rHmzJ6gwMaoopGKKHDmzOIRJrd1Z3Zw8o1qT641Pw+PMHgNAIA1ELiZ4zvxZWtaXocva/zfSb0WX1YH8vX5snhEwcwts/31+bL4HfiyzYLSW+SxogZWqOWfvqwp/wK/A1/2zXDXjfuyWE6BvHdf9sgydLW+7OEjfZ2cynMrvqxSEbkrIvLkAFPBtsXdmhV3z1n+jQuPvqZGnMAjF8OUHXfbCpyyIAahzYtc9PLL9jnKn0oGrsb5tVPIMuZsnSvRFR02wKb2rw6KLoEs6FhV8feK49L5zzwrqbJX6nxaqz+ymJVX/B8=</diagram></mxfile>