<mxfile userAgent="Mozilla/5.0 (Macintosh; Intel Mac OS X 10_13) AppleWebKit/604.1.38 (KHTML, like Gecko) Version/11.0 Safari/604.1.38" version="7.5.8" editor="www.draw.io" type="device"><diagram id="c64c757a-c088-0878-0583-4b25adf8e14b" name="Page-1">5Vxbb6M4FP41kWYeinzBBh7bTrv7MLNaqdLuzNOIgJOwQ0KWkF72168NhoBtLkkg7XQSqSLHgM13jj+fi+kM366ff0v97epLErJ4hkD4PMOfZgi50OF/heClENiUFIJlGoWFCB4ED9F/TAqBlO6jkO0aJ2ZJEmfRtikMks2GBVlD5qdp8tQ8bZHEzV63/pJpgofAj3Xp31GYreRjIecg/51Fy1XZM6Re0TL3gx/LNNlvZH8zhBf5p2he++W95IPuVn6YPNVE+G6Gb9MkyYqj9fMtiwW0JWzFdfctrdW4U7bJhlwg2sQVj368Z+WQ84FlLyUY+eMwcQGY4ZunVZSxh60fiNYnrn0uW2XrmP+C/HARxfFtEidpfq14eBQEXL7L0uQHq7WEdE4J5S1yACzN2HPrU8AKG25yLFmzLH3hp8gLbImmtDZM5e+ng+6QK2Wrut4cKfSlvSyrWx8w4wcSNjOEXj+CwiK2Ojihz9yFERwauGy+4C3L1A8jjkKtzWE+ZaALODkr/HnZPzgWUOg1EbVtR0MU2gZE0QiAliTQQJTGvIebOT9YigOKZ/i6lPIbVg2lbLf1NzWZvxb4b+a7be0cfl39tEeWrQJCAoah1t/MBtGCInOPI86XqUyirnrPrPpLqBa1qzaMHhsw0n/3ggRv+JNkV34cLTe5xkHMFtmhVVV7pRXUYh9cx6Amz3tt3qJNNGBsaY6WNjjoIAtDC/O/fBm8Rz0DUKWKefElYysOed9iaMm+mObwBG4OQuQaudnx5gCYbW2x8AkYbGvdNENIg2UI1HkbQoMp2mOYItZMcZXsMg3urMC5BmMTrk2yYQq2UiQN41PA0WBpTjBpFnEn41o2rKMwFN0Y9bZINpl0jBAcB24ElHXSwRrengFuPAbcZOKZXzC54TZBoZV8fi7nH3Kj4w/ERwyU448DeMUzLgH53cMk+MHS78unOfdpuX9pXmUuTT7T4iOoDboWsLjl3UN60jP38N1hOT2e4kD+ac4miEYiL8VFgp5FdPpChvnkkPPnUzkna0AxbnQP8qekoKYrUsOJPUfZVykWx9/EMR8//7XhI/laniZ+1NvCaxFdHTrgkvtIDDK/0z8sy14kzP4+S7goSbNVskw2fvw5SballozaEOPv1gV/3GSfBkqwmPnpkpVOCjHrLGWxn0WPzfufxWdOj99nArsAsYT7DMAqJdV09q3SWbeSTgMbTQG2vPTPJOI9VxPLVbwCT1l+iiHIixSNVaMYpEQKNSXWJ9FBFXcH6U2Tjwxqhu1zCljO0foaaiNGt6QQljkMe9K5R1oCi9HnHtUj7GPU1jI7O9XW0BqYTGt8ybr2bu27m59NdfmlHBD/pXbCVkzRXftEx57TXEKJo5hBccdTp7czdbQpFJLnW0rtHU6s0n69HqXdnsloZC0K97IeOxbdv1u30vkl3UpXjdH0mNgYoznn8yoUSB/t1LwN2rzx7sA1GUSb/WvFqcRKdWalwKzt0RfFKmdXY7uM7bKrDcuu1tGGpVdPScoZpIMTJJ/pk1k0XO1yDMWE5tT+rE/aD7snP10LU837+XgkU729vAseK++iZNORYU5jMFGgCMG7KPFQoIbb1LLrH6pBikypw1FKPhCYslnDij7CK3CNWVdMsYfDLrjOL+wQtbADemGEJsscp85DW/2zQ6EHnlHoeVSy/SbnQSnxAHNfY5Z4CHND22QALppjOny+gJbw+zK6cyb2rSvweWxitoDH59jfXLyYsw+5eq9tx/W6e75YFYeIr8mcaP6ZGas48/ybu+nrKJB2vIz93U4eNy282qYwUuGH0iYNEQosXPvYOgtNVQeCwNUseZ4k2feQLfx9/K4LQrTMpFRlfqgDj00UQkcAHuIeXu1NoVYp6ktHG1UA2Iw2xsxty20l9VhCku4lgomy+5+9XIeMy3l+93na5xq8k1wKsIDMpCD7V8qkUKdZSLBd0ufrmjaJ2XgMrrM12EZIWXexYYMLR63evQYbGjIrkqMunbSmymZDAsZNWkMMDdRrjC2nCxNtxT/DyLD/r9y9M/ZWEYgHZCxGQAD3hMqOAoG+WWZCCPTdSTqBxHG03bW5izW66PDl6y5/PRRoDybawo/TCLxQdWcMi4CFoIM97ojamMddyJ4Kc7sf86MC/xOQNgQP04FcXsKdA+BSj1BSAI10Q8e2xZGn5WloKhUMyKu9Z7N/7oT7VSaFKUenakRzLNomQTu+/a5DZ6DXusNmiMNRrjcNl6M0xYbLUdByJ10RgwtZys7cGMNXLMuuNM6to7lCXUFF4cXzaBtl9Do8sPDB2KBjN2+r5gvH238DsSmL+DrWdXSCAb436yLQonwhABTZDqZQiZ5EGElcRJCNHOjamCgF56HGhrBF6osNbvSiZvTGtDU9z/fX18/Xfwgt7Lm7GGuW91qZvhMWrkmWIexYoFKTYJ0mMei7XV1gGVQ7eu0BezpJXHL/l0Y8k0XWRxDYECoaSkRn5xlPiqwd2GQcKl8aHS2yti8TV3bPKSV9YPM501fHNr2NVVX2zplJZIBzd97WgCAwbw3or3U3ILX7IhgdNNPG+3FA09eRL2J7zZtZPk4rFPVArL6qZXjVwVQoGiMGIVPXIg6bDTreGmx7JxR3bU645BuG+Ws4SN0v+YqV6SBgZLGYfvajhmVeKUl+YshcTlVLLrOmF7BUMOD9VsVS4Zuw1KIa5ajVqFe009E25PStUhi8lqXyn4f/KVG4Tof/24Hv/gc=</diagram></mxfile>